Using pre-set license
Built from '2020.3/staging' branch; Version is '2020.3.8f1 (507919d4fff5) revision 5273881'; Using compiler version '192528614'; Build Type 'Release'
OS: 'Windows 10 Home Single Language; OS build 19042.985; Version 2009; 64bit' Language: 'en' Physical Memory: 6020 MB
BatchMode: 1, IsHumanControllingUs: 0, StartBugReporterOnCrash: 0, Is64bit: 1, IsPro: 0

 COMMAND LINE ARGUMENTS:
C:\Program Files\Unity\Hub\Editor\2020.3.8f1\Editor\Unity.exe
-adb2
-batchMode
-noUpm
-name
AssetImportWorker0
-projectPath
C:/Users/91891/OneDrive/Desktop/Projects/New/Space Invaders
-logFile
Logs/AssetImportWorker0.log
-srvPort
15898
Successfully changed project path to: C:/Users/91891/OneDrive/Desktop/Projects/New/Space Invaders
C:/Users/91891/OneDrive/Desktop/Projects/New/Space Invaders
Using Asset Import Pipeline V2.
Refreshing native plugins compatible for Editor in 67.40 ms, found 1 plugins.
Preloading 0 native plugins for Editor in 0.00 ms.
Initialize engine version: 2020.3.8f1 (507919d4fff5)
[Subsystems] Discovering subsystems at path C:/Program Files/Unity/Hub/Editor/2020.3.8f1/Editor/Data/Resources/UnitySubsystems
[Subsystems] Discovering subsystems at path C:/Users/91891/OneDrive/Desktop/Projects/New/Space Invaders/Assets
GfxDevice: creating device client; threaded=0
Direct3D:
    Version:  Direct3D 11.0 [level 11.1]
    Renderer: AMD Radeon(TM) Vega 3 Graphics (ID=0x15d8)
    Vendor:   
    VRAM:     3010 MB
    Driver:   26.20.14046.3
Initialize mono
Mono path[0] = 'C:/Program Files/Unity/Hub/Editor/2020.3.8f1/Editor/Data/Managed'
Mono path[1] = 'C:/Program Files/Unity/Hub/Editor/2020.3.8f1/Editor/Data/MonoBleedingEdge/lib/mono/unityjit'
Mono config path = 'C:/Program Files/Unity/Hub/Editor/2020.3.8f1/Editor/Data/MonoBleedingEdge/etc'
Using monoOptions --debugger-agent=transport=dt_socket,embedding=1,server=y,suspend=n,address=127.0.0.1:56468
Begin MonoManager ReloadAssembly
Registering precompiled unity dll's ...
Register platform support module: C:/Program Files/Unity/Hub/Editor/2020.3.8f1/Editor/Data/PlaybackEngines/WindowsStandaloneSupport/UnityEditor.WindowsStandalone.Extensions.dll
Registered in 0.004024 seconds.
Native extension for WindowsStandalone target not found
Refreshing native plugins compatible for Editor in 118.24 ms, found 1 plugins.
Preloading 0 native plugins for Editor in 0.00 ms.
Mono: successfully reloaded assembly
- Completed reload, in  5.583 seconds
Platform modules already initialized, skipping
Registering precompiled user dll's ...
Registered in 0.004234 seconds.
Begin MonoManager ReloadAssembly
Native extension for WindowsStandalone target not found
Refreshing native plugins compatible for Editor in 111.56 ms, found 1 plugins.
Preloading 0 native plugins for Editor in 0.00 ms.
Mono: successfully reloaded assembly
- Completed reload, in  2.602 seconds
Platform modules already initialized, skipping
========================================================================
Worker process is ready to serve import requests
Launched and connected shader compiler UnityShaderCompiler.exe after 0.18 seconds
Refreshing native plugins compatible for Editor in 1.24 ms, found 1 plugins.
Preloading 0 native plugins for Editor in 0.00 ms.
Unloading 1815 Unused Serialized files (Serialized files now loaded: 0)
System memory in use before: 90.0 MB.
System memory in use after: 90.0 MB.

Unloading 24 unused Assets to reduce memory usage. Loaded Objects now: 2264.
Total: 6.273100 ms (FindLiveObjects: 0.588600 ms CreateObjectMapping: 0.170200 ms MarkObjects: 5.185400 ms  DeleteObjects: 0.325800 ms)

========================================================================
Received Import Request.
  path: Assets/Sprites/Player/—Pngtree—hospital medicine box medicine box_3923565.png
  artifactKey: Guid(b52fea027a084dc4d857b02eea4271ff) Importer(815301076,1909f56bfc062723c751e8b465ee728b)
Start importing Assets/Sprites/Player/—Pngtree—hospital medicine box medicine box_3923565.png using Guid(b52fea027a084dc4d857b02eea4271ff) Importer(815301076,1909f56bfc062723c751e8b465ee728b)  -> (artifact id: '6c0410c34b041a8787b7a8fa7ffe5ae6') in 0.505857 seconds
  Import took 0.522270 seconds .

========================================================================
Received Import Request.
  Time since last request: 320.123347 seconds.
  path: Assets/Sprites/Player/—Pngtree—flash thunder bolt logo_3626174.png
  artifactKey: Guid(e3cace5e292aab74cb95fe1d857b0086) Importer(815301076,1909f56bfc062723c751e8b465ee728b)
Start importing Assets/Sprites/Player/—Pngtree—flash thunder bolt logo_3626174.png using Guid(e3cace5e292aab74cb95fe1d857b0086) Importer(815301076,1909f56bfc062723c751e8b465ee728b)  -> (artifact id: '5c124e4fd32d4ab48a4305f43a9ea435') in 0.197034 seconds
  Import took 0.214079 seconds .

========================================================================
Received Import Request.
  Time since last request: 1018.911546 seconds.
  path: Assets/Sprites/Player/lightning-bolt-png-34117.png
  artifactKey: Guid(04f39768aee5b79428086437f4075f25) Importer(815301076,1909f56bfc062723c751e8b465ee728b)
Start importing Assets/Sprites/Player/lightning-bolt-png-34117.png using Guid(04f39768aee5b79428086437f4075f25) Importer(815301076,1909f56bfc062723c751e8b465ee728b)  -> (artifact id: '4d18208ee67f48dcd88eb1c14655d290') in 0.398567 seconds
  Import took 0.410056 seconds .

========================================================================
Received Import Request.
  Time since last request: 226.996692 seconds.
  path: Assets/Prefabs/lightning-bolt-png-34117.prefab
  artifactKey: Guid(4dc3cd54c8ca24d4387ff94f7c82f7ad) Importer(815301076,1909f56bfc062723c751e8b465ee728b)
Start importing Assets/Prefabs/lightning-bolt-png-34117.prefab using Guid(4dc3cd54c8ca24d4387ff94f7c82f7ad) Importer(815301076,1909f56bfc062723c751e8b465ee728b)  -> (artifact id: '15c3315467507fb987019d0a455147df') in 0.230351 seconds
  Import took 0.242062 seconds .

========================================================================
Received Import Request.
  Time since last request: 103.609451 seconds.
  path: Assets/Prefabs/lightning-bolt-png-34117.prefab
  artifactKey: Guid(4dc3cd54c8ca24d4387ff94f7c82f7ad) Importer(815301076,1909f56bfc062723c751e8b465ee728b)
Start importing Assets/Prefabs/lightning-bolt-png-34117.prefab using Guid(4dc3cd54c8ca24d4387ff94f7c82f7ad) Importer(815301076,1909f56bfc062723c751e8b465ee728b)  -> (artifact id: '8419f0d59420d7b266f75a0b2d4b6d6b') in 0.149315 seconds
  Import took 0.168177 seconds .

========================================================================
Received Import Request.
  Time since last request: 116.114216 seconds.
  path: Assets/Material/BG Material.mat
  artifactKey: Guid(ef0b557c02c8889428d1d549650594eb) Importer(815301076,1909f56bfc062723c751e8b465ee728b)
Start importing Assets/Material/BG Material.mat using Guid(ef0b557c02c8889428d1d549650594eb) Importer(815301076,1909f56bfc062723c751e8b465ee728b)  -> (artifact id: '2a8b3d16ca77bf9c6ef4791c0c6024e0') in 0.192313 seconds
  Import took 0.210085 seconds .

========================================================================
Received Import Request.
  Time since last request: 61.137009 seconds.
  path: Assets/Prefabs/Aestroids/A1.prefab
  artifactKey: Guid(8862c66018a35b841b6dd2775a7950e8) Importer(815301076,1909f56bfc062723c751e8b465ee728b)
Start importing Assets/Prefabs/Aestroids/A1.prefab using Guid(8862c66018a35b841b6dd2775a7950e8) Importer(815301076,1909f56bfc062723c751e8b465ee728b)  -> (artifact id: '130cdbad5e500bb61616bcfb5e7f49f9') in 0.124552 seconds
  Import took 0.141129 seconds .

========================================================================
Received Import Request.
  Time since last request: 3.304997 seconds.
  path: Assets/Prefabs/Aestroids/A2.prefab
  artifactKey: Guid(1b5e3074b874add498462649284dd729) Importer(815301076,1909f56bfc062723c751e8b465ee728b)
Start importing Assets/Prefabs/Aestroids/A2.prefab using Guid(1b5e3074b874add498462649284dd729) Importer(815301076,1909f56bfc062723c751e8b465ee728b)  -> (artifact id: '5226629e56031018de8dee27be8dad05') in 0.120358 seconds
  Import took 0.133905 seconds .

========================================================================
Received Import Request.
  Time since last request: 117.321296 seconds.
  path: Assets/Scripts/Enemy/EnemySpawn.cs
  artifactKey: Guid(72683a4663548ac40966cf2f8b9df156) Importer(815301076,1909f56bfc062723c751e8b465ee728b)
Start importing Assets/Scripts/Enemy/EnemySpawn.cs using Guid(72683a4663548ac40966cf2f8b9df156) Importer(815301076,1909f56bfc062723c751e8b465ee728b)  -> (artifact id: '8e89feb32063b6cc0f9cc60f92f131ec') in 0.054278 seconds
  Import took 0.075318 seconds .

========================================================================
Received Import Request.
  Time since last request: 0.035672 seconds.
  path: Assets/Scripts/Enemy/EnemySpawn.cs
  artifactKey: Guid(72683a4663548ac40966cf2f8b9df156) Importer(815301076,1909f56bfc062723c751e8b465ee728b)
Start importing Assets/Scripts/Enemy/EnemySpawn.cs using Guid(72683a4663548ac40966cf2f8b9df156) Importer(815301076,1909f56bfc062723c751e8b465ee728b)  -> (artifact id: '8e89feb32063b6cc0f9cc60f92f131ec') in 0.020734 seconds
  Import took 0.035781 seconds .

========================================================================
Received Prepare
Registering precompiled user dll's ...
Registered in 0.011304 seconds.
Begin MonoManager ReloadAssembly
Native extension for WindowsStandalone target not found
Refreshing native plugins compatible for Editor in 0.85 ms, found 1 plugins.
Preloading 0 native plugins for Editor in 0.00 ms.
Mono: successfully reloaded assembly
- Completed reload, in  2.675 seconds
Platform modules already initialized, skipping
Switching build target platform(5) subTarget(0) extendedPlatform(0) -> platform(13) subTarget(537395200) extendedPlatform(0)
Refreshing native plugins compatible for Editor in 0.67 ms, found 1 plugins.
Preloading 0 native plugins for Editor in 0.00 ms.
Unloading 1813 Unused Serialized files (Serialized files now loaded: 0)
System memory in use before: 93.3 MB.
System memory in use after: 93.3 MB.

Unloading 12 unused Assets to reduce memory usage. Loaded Objects now: 2314.
Total: 8.240900 ms (FindLiveObjects: 0.576600 ms CreateObjectMapping: 0.193200 ms MarkObjects: 7.193900 ms  DeleteObjects: 0.274000 ms)

AssetImportParameters requested are different than current active one (requested -> active):
  custom:graphics/normal-map-encoding: 01000000000000000000000000000000 -> 02000000000000000000000000000000
========================================================================
Received Prepare
Registering precompiled user dll's ...
Registered in 0.002711 seconds.
Begin MonoManager ReloadAssembly
Native extension for WindowsStandalone target not found
Refreshing native plugins compatible for Editor in 1.01 ms, found 1 plugins.
Preloading 0 native plugins for Editor in 0.00 ms.
Mono: successfully reloaded assembly
- Completed reload, in  2.771 seconds
Platform modules already initialized, skipping
Switching build target platform(5) subTarget(0) extendedPlatform(0) -> platform(13) subTarget(537395200) extendedPlatform(0)
Refreshing native plugins compatible for Editor in 0.78 ms, found 1 plugins.
Preloading 0 native plugins for Editor in 0.00 ms.
Unloading 1813 Unused Serialized files (Serialized files now loaded: 0)
System memory in use before: 93.4 MB.
System memory in use after: 93.3 MB.

Unloading 12 unused Assets to reduce memory usage. Loaded Objects now: 2318.
Total: 5.448200 ms (FindLiveObjects: 0.429800 ms CreateObjectMapping: 0.126100 ms MarkObjects: 4.611300 ms  DeleteObjects: 0.278200 ms)

AssetImportParameters requested are different than current active one (requested -> active):
  custom:graphics/normal-map-encoding: 01000000000000000000000000000000 -> 02000000000000000000000000000000
========================================================================
Received Import Request.
  Time since last request: 1062.722308 seconds.
  path: Assets/Prefabs/Enemy Spawner.prefab
  artifactKey: Guid(291695725f9f16948aefdd5c30318eb2) Importer(815301076,1909f56bfc062723c751e8b465ee728b)
Start importing Assets/Prefabs/Enemy Spawner.prefab using Guid(291695725f9f16948aefdd5c30318eb2) Importer(815301076,1909f56bfc062723c751e8b465ee728b)  -> (artifact id: 'c8e689d1e47906b85aa9efedcab925af') in 0.132979 seconds
  Import took 0.153667 seconds .

========================================================================
Received Prepare
Registering precompiled user dll's ...
Registered in 0.002336 seconds.
Begin MonoManager ReloadAssembly
Native extension for WindowsStandalone target not found
Refreshing native plugins compatible for Editor in 0.81 ms, found 1 plugins.
Preloading 0 native plugins for Editor in 0.00 ms.
Mono: successfully reloaded assembly
- Completed reload, in  2.364 seconds
Platform modules already initialized, skipping
Switching build target platform(5) subTarget(0) extendedPlatform(0) -> platform(13) subTarget(537395200) extendedPlatform(0)
Refreshing native plugins compatible for Editor in 0.68 ms, found 1 plugins.
Preloading 0 native plugins for Editor in 0.00 ms.
Unloading 1813 Unused Serialized files (Serialized files now loaded: 0)
System memory in use before: 93.4 MB.
System memory in use after: 93.4 MB.

Unloading 12 unused Assets to reduce memory usage. Loaded Objects now: 2322.
Total: 5.629600 ms (FindLiveObjects: 0.365100 ms CreateObjectMapping: 0.126800 ms MarkObjects: 4.878700 ms  DeleteObjects: 0.255800 ms)

AssetImportParameters requested are different than current active one (requested -> active):
  custom:graphics/normal-map-encoding: 01000000000000000000000000000000 -> 02000000000000000000000000000000
========================================================================
Received Prepare
Registering precompiled user dll's ...
Registered in 0.003004 seconds.
Begin MonoManager ReloadAssembly
Native extension for WindowsStandalone target not found
Refreshing native plugins compatible for Editor in 0.82 ms, found 1 plugins.
Preloading 0 native plugins for Editor in 0.00 ms.
Mono: successfully reloaded assembly
- Completed reload, in  2.731 seconds
Platform modules already initialized, skipping
Switching build target platform(5) subTarget(0) extendedPlatform(0) -> platform(13) subTarget(537395200) extendedPlatform(0)
Refreshing native plugins compatible for Editor in 0.78 ms, found 1 plugins.
Preloading 0 native plugins for Editor in 0.00 ms.
Unloading 1813 Unused Serialized files (Serialized files now loaded: 0)
System memory in use before: 93.4 MB.
System memory in use after: 93.4 MB.

Unloading 12 unused Assets to reduce memory usage. Loaded Objects now: 2326.
Total: 6.047300 ms (FindLiveObjects: 1.027800 ms CreateObjectMapping: 0.357600 ms MarkObjects: 4.359100 ms  DeleteObjects: 0.299700 ms)

AssetImportParameters requested are different than current active one (requested -> active):
  custom:graphics/normal-map-encoding: 01000000000000000000000000000000 -> 02000000000000000000000000000000
========================================================================
Received Import Request.
  Time since last request: 58.716685 seconds.
  path: Assets/Prefabs/Enemy Spawner.prefab
  artifactKey: Guid(291695725f9f16948aefdd5c30318eb2) Importer(815301076,1909f56bfc062723c751e8b465ee728b)
Start importing Assets/Prefabs/Enemy Spawner.prefab using Guid(291695725f9f16948aefdd5c30318eb2) Importer(815301076,1909f56bfc062723c751e8b465ee728b)  -> (artifact id: 'aa3a2ee50aa230b60f774861f2759a55') in 0.111782 seconds
  Import took 0.133219 seconds .

========================================================================
Received Import Request.
  Time since last request: 71.182542 seconds.
  path: ProjectSettings/TagManager.asset
  artifactKey: Guid(00000000000000003000000000000000) Importer(815301076,1909f56bfc062723c751e8b465ee728b)
Start importing ProjectSettings/TagManager.asset using Guid(00000000000000003000000000000000) Importer(815301076,1909f56bfc062723c751e8b465ee728b)  -> (artifact id: '7c4997b9b699fd98d9750e76d923b785') in 0.037241 seconds
  Import took 0.050417 seconds .

========================================================================
Received Prepare
Registering precompiled user dll's ...
Registered in 0.342515 seconds.
Begin MonoManager ReloadAssembly
Native extension for WindowsStandalone target not found
Refreshing native plugins compatible for Editor in 1.22 ms, found 1 plugins.
Preloading 0 native plugins for Editor in 0.00 ms.
Mono: successfully reloaded assembly
- Completed reload, in  8.579 seconds
Platform modules already initialized, skipping
Switching build target platform(5) subTarget(0) extendedPlatform(0) -> platform(13) subTarget(537395200) extendedPlatform(0)
Refreshing native plugins compatible for Editor in 0.74 ms, found 1 plugins.
Preloading 0 native plugins for Editor in 0.00 ms.
Unloading 1813 Unused Serialized files (Serialized files now loaded: 0)
System memory in use before: 93.4 MB.
System memory in use after: 93.4 MB.

Unloading 13 unused Assets to reduce memory usage. Loaded Objects now: 2330.
Total: 19.551100 ms (FindLiveObjects: 1.094100 ms CreateObjectMapping: 0.619900 ms MarkObjects: 17.257500 ms  DeleteObjects: 0.574700 ms)

AssetImportParameters requested are different than current active one (requested -> active):
  custom:graphics/normal-map-encoding: 01000000000000000000000000000000 -> 02000000000000000000000000000000
AssetImportWorkerClient::OnTransportError - code=2 error=End of file
